Arguments: 
  C:\dev\node\node.exe C:\Users\zhang\scoop\apps\yarn\current\Yarn\bin\yarn.js add @bable/parser

PATH: 
  D:\path\Git\mingw64\bin;D:\path\Git\usr\bin;C:\Users\zhang\bin;D:\work\simple-webpack\node_modules\.bin;C:\ProgramData\DockerDesktop\version-bin;C:\Program Files\Docker\Docker\Resources\bin;D:\path\cmder\bin;D:\path\cmder\vendor\bin;D:\path\cmder\vendor\conemu-maximus5\ConEmu\Scripts;D:\path\cmder\bin;D:\path\cmder\vendor\bin;D:\path\cmder\vendor\conemu-maximus5\ConEmu\Scripts;D:\path\cmder\vendor\conemu-maximus5;D:\path\cmder\vendor\conemu-maximus5\ConEmu;C:\Windows\System32;C:\Windows;C:\Windows\System32\Wbem;C:\Windows\System32\WindowsPowerShell\v1.0;C:\Windows\System32\OpenSSH;D:\path\Git\cmd;D:\path\Git\usr\bin;C:\ProgramData\chocolatey\bin;C:\Program Files\TortoiseGit\bin;C:\Users\zhang\AppData\Roaming\nvm;C:\Program Files\nodejs;C:\Users\zhang\scoop\apps\yarn\current\Yarn\bin;C:\Users\zhang\scoop\apps\yarn\current\global\node_modules\.bin;C:\Users\zhang\scoop\shims;C:\Users\zhang\.windows-build-tools\python27;C:\Users\zhang\AppData\Local\Microsoft\WindowsApps;C:\Users\zhang\AppData\Roaming\npm;C:\Program Files\Bandizip;D:\path\Microsoft VS Code\bin;C:\Users\zhang\AppData\Local\Yarn\bin;C:\Users\zhang\AppData\Roaming\nvm;C:\Program Files\nodejs;D:\path\Git\cmd;D:\path\Git\mingw64\bin;C:\dev\node;C:\Users\zhang\.windows-build-tools\python27\Scripts;C:\Users\zhang\scoop\apps\yarn\current\Yarn\bin;C:\Users\zhang\scoop\apps\yarn\current\global\node_modules\.bin;C:\Users\zhang\scoop\shims;C:\Users\zhang\.windows-build-tools\python27;C:\Users\zhang\AppData\Local\Microsoft\WindowsApps;C:\Program Files\Bandizip;D:\path\Microsoft VS Code\bin;C:\Windows\System32;C:\Users\zhang\AppData\Local\Yarn\bin;C:\Users\zhang\AppData\Roaming\npm;C:\Users\zhang\.babun;C:\Users\zhang\.windows-build-tools\python27\Scripts

Yarn version: 
  1.19.1

Node version: 
  10.16.1

Platform: 
  win32 x64

Trace: 
  Error: https://registry.npm.taobao.org/@bable%2fparser: Not found
      at Request.params.callback [as _callback] (C:\Users\zhang\scoop\apps\yarn\1.19.1\Yarn\lib\cli.js:66035:18)
      at Request.self.callback (C:\Users\zhang\scoop\apps\yarn\1.19.1\Yarn\lib\cli.js:140564:22)
      at Request.emit (events.js:198:13)
      at Request.<anonymous> (C:\Users\zhang\scoop\apps\yarn\1.19.1\Yarn\lib\cli.js:141536:10)
      at Request.emit (events.js:198:13)
      at IncomingMessage.<anonymous> (C:\Users\zhang\scoop\apps\yarn\1.19.1\Yarn\lib\cli.js:141458:12)
      at Object.onceWrapper (events.js:286:20)
      at IncomingMessage.emit (events.js:203:15)
      at endReadableNT (_stream_readable.js:1145:12)
      at process._tickCallback (internal/process/next_tick.js:63:19)

npm manifest: 
  {
    "name": "simple-webpack",
    "version": "1.0.0",
    "description": "",
    "main": "index.js",
    "scripts": {
      "test": "echo \"Error: no test specified\" && exit 1"
    },
    "author": "",
    "license": "ISC"
  }

yarn manifest: 
  No manifest

Lockfile: 
  No lockfile
